<?xml version="1.0"?>
<!DOCTYPE coverage SYSTEM "https://raw.githubusercontent.com/cobertura/cobertura/master/cobertura/src/site/htdocs/xml/coverage-04.dtd">
<coverage 
line-rate="0,00" lines-covered="13" lines-valid="0" branches-covered="0" branches-valid="0" branch-rate="0,00" complexity="0" version="1.0" timestamp="1440072926598">
    <sources>
        <source>--source</source>
        <source>/Users/luislazaro/IdeaProjects/Scala-Sonar/src/main/scala</source>
    </sources>
    <packages>
        <package name="org.keedio.sonar.scala" line-rate="0,00" branch-rate="0,00" complexity="0">
            <classes>
                <class 
                name="SimpleApp" filename="org/keedio/sonar/scala/SimpleApp.scala" line-rate="0,00" branch-rate="0,00" complexity="0">
                    <methods>
                        <method name="org.keedio.sonar.scala/SimpleApp/main" signature="()V" line-rate="0,00" branch-rate="0,00">
                            <lines>
                                <line number="14" hits="0" branch="false"/>
                                <line number="14" hits="0" branch="false"/>
                                <line number="14" hits="0" branch="false"/>
                                <line number="13" hits="0" branch="false"/>
                                <line number="14" hits="0" branch="false"/>
                                <line number="14" hits="0" branch="false"/>
                                <line number="14" hits="0" branch="false"/>
                                <line number="14" hits="0" branch="false"/>
                                <line number="14" hits="0" branch="false"/>
                                <line number="14" hits="0" branch="false"/>
                            </lines>
                        </method>
                        <method name="org.keedio.sonar.scala/SimpleApp/foo" signature="()V" line-rate="0,00" branch-rate="0,00">
                            <lines>
                                <line number="10" hits="0" branch="false"/>
                                <line number="10" hits="0" branch="false"/>
                                <line number="10" hits="0" branch="false"/>
                            </lines>
                        </method>
                    </methods>
                    <lines>
                        <line number="14" hits="0" branch="false"/>
                        <line number="14" hits="0" branch="false"/>
                        <line number="10" hits="0" branch="false"/>
                        <line number="14" hits="0" branch="false"/>
                        <line number="13" hits="0" branch="false"/>
                        <line number="14" hits="0" branch="false"/>
                        <line number="14" hits="0" branch="false"/>
                        <line number="10" hits="0" branch="false"/>
                        <line number="14" hits="0" branch="false"/>
                        <line number="14" hits="0" branch="false"/>
                        <line number="10" hits="0" branch="false"/>
                        <line number="14" hits="0" branch="false"/>
                        <line number="14" hits="0" branch="false"/>
                    </lines>
</class>
            </classes>
        </package>
    </packages>
</coverage>
